Using pre-set license
Built from '2020.3/staging' branch; Version is '2020.3.48f1 (b805b124c6b7) revision 12060081'; Using compiler version '192528614'; Build Type 'Release'
OS: 'Windows 11  (10.0.22621) 64bit Core' Language: 'ja' Physical Memory: 7962 MB
BatchMode: 1, IsHumanControllingUs: 0, StartBugReporterOnCrash: 0, Is64bit: 1, IsPro: 0

COMMAND LINE ARGUMENTS:
C:\Program Files\Unity\Hub\Editor\2020.3.48f1\Editor\Unity.exe
-adb2
-batchMode
-noUpm
-name
AssetImportWorker0
-projectPath
C:/Users/hisas/RollABall
-logFile
Logs/AssetImportWorker0.log
-srvPort
51721
Successfully changed project path to: C:/Users/hisas/RollABall
C:/Users/hisas/RollABall
Using Asset Import Pipeline V2.
Player connection [14472] Host "[IP] 10.105.80.109 [Port] 0 [Flags] 2 [Guid] 302562910 [EditorId] 302562910 [Version] 1048832 [Id] WindowsEditor(7,LAPTOP-F7HSHEEG) [Debug] 1 [PackageName] WindowsEditor [ProjectName] Editor" joined multi-casting on [225.0.0.222:54997]...

Player connection [14472] Host "[IP] 10.105.80.109 [Port] 0 [Flags] 2 [Guid] 302562910 [EditorId] 302562910 [Version] 1048832 [Id] WindowsEditor(7,LAPTOP-F7HSHEEG) [Debug] 1 [PackageName] WindowsEditor [ProjectName] Editor" joined alternative multi-casting on [225.0.0.222:34997]...

Refreshing native plugins compatible for Editor in 229.82 ms, found 2 plugins.
Preloading 0 native plugins for Editor in 0.00 ms.
Initialize engine version: 2020.3.48f1 (b805b124c6b7)
[Subsystems] Discovering subsystems at path C:/Program Files/Unity/Hub/Editor/2020.3.48f1/Editor/Data/Resources/UnitySubsystems
[Subsystems] Discovering subsystems at path C:/Users/hisas/RollABall/Assets
GfxDevice: creating device client; threaded=0
Direct3D:
    Version:  Direct3D 11.0 [level 11.1]
    Renderer: Intel(R) Iris(R) Xe Graphics (ID=0x9a49)
    Vendor:   
    VRAM:     3981 MB
    Driver:   31.0.101.3889
Initialize mono
Mono path[0] = 'C:/Program Files/Unity/Hub/Editor/2020.3.48f1/Editor/Data/Managed'
Mono path[1] = 'C:/Program Files/Unity/Hub/Editor/2020.3.48f1/Editor/Data/MonoBleedingEdge/lib/mono/unityjit'
Mono config path = 'C:/Program Files/Unity/Hub/Editor/2020.3.48f1/Editor/Data/MonoBleedingEdge/etc'
Using monoOptions --debugger-agent=transport=dt_socket,embedding=1,server=y,suspend=n,address=127.0.0.1:56352
Begin MonoManager ReloadAssembly
Registering precompiled unity dll's ...
Register platform support module: C:/Program Files/Unity/Hub/Editor/2020.3.48f1/Editor/Data/PlaybackEngines/WindowsStandaloneSupport/UnityEditor.WindowsStandalone.Extensions.dll
Registered in 0.002226 seconds.
Native extension for WindowsStandalone target not found
Refreshing native plugins compatible for Editor in 78.19 ms, found 2 plugins.
Preloading 0 native plugins for Editor in 0.00 ms.
Mono: successfully reloaded assembly
- Completed reload, in  0.598 seconds
Domain Reload Profiling:
	ReloadAssembly (598ms)
		BeginReloadAssembly (96ms)
			ExecutionOrderSort (0ms)
			DisableScriptedObjects (0ms)
			BackupInstance (0ms)
			ReleaseScriptingObjects (0ms)
			CreateAndSetChildDomain (1ms)
		EndReloadAssembly (447ms)
			LoadAssemblies (96ms)
			RebuildTransferFunctionScriptingTraits (0ms)
			SetupTypeCache (140ms)
			ReleaseScriptCaches (0ms)
			RebuildScriptCaches (27ms)
			SetupLoadedEditorAssemblies (186ms)
				LogAssemblyErrors (0ms)
				InitializePlatformSupportModulesInManaged (3ms)
				SetLoadedEditorAssemblies (0ms)
				RefreshPlugins (78ms)
				BeforeProcessingInitializeOnLoad (14ms)
				ProcessInitializeOnLoadAttributes (63ms)
				ProcessInitializeOnLoadMethodAttributes (28ms)
				AfterProcessingInitializeOnLoad (0ms)
				EditorAssembliesLoaded (0ms)
			ExecutionOrderSort2 (0ms)
			AwakeInstancesAfterBackupRestoration (0ms)
Platform modules already initialized, skipping
Registering precompiled user dll's ...
Registered in 0.007987 seconds.
Begin MonoManager ReloadAssembly
Native extension for WindowsStandalone target not found
Refreshing native plugins compatible for Editor in 47.53 ms, found 2 plugins.
Preloading 0 native plugins for Editor in 0.00 ms.
Mono: successfully reloaded assembly
- Completed reload, in  1.114 seconds
Domain Reload Profiling:
	ReloadAssembly (1116ms)
		BeginReloadAssembly (137ms)
			ExecutionOrderSort (0ms)
			DisableScriptedObjects (6ms)
			BackupInstance (0ms)
			ReleaseScriptingObjects (0ms)
			CreateAndSetChildDomain (16ms)
		EndReloadAssembly (919ms)
			LoadAssemblies (162ms)
			RebuildTransferFunctionScriptingTraits (0ms)
			SetupTypeCache (294ms)
			ReleaseScriptCaches (0ms)
			RebuildScriptCaches (44ms)
			SetupLoadedEditorAssemblies (360ms)
				LogAssemblyErrors (0ms)
				InitializePlatformSupportModulesInManaged (5ms)
				SetLoadedEditorAssemblies (0ms)
				RefreshPlugins (48ms)
				BeforeProcessingInitializeOnLoad (73ms)
				ProcessInitializeOnLoadAttributes (226ms)
				ProcessInitializeOnLoadMethodAttributes (6ms)
				AfterProcessingInitializeOnLoad (3ms)
				EditorAssembliesLoaded (0ms)
			ExecutionOrderSort2 (0ms)
			AwakeInstancesAfterBackupRestoration (1ms)
Platform modules already initialized, skipping
========================================================================
Worker process is ready to serve import requests
Launched and connected shader compiler UnityShaderCompiler.exe after 0.08 seconds
Refreshing native plugins compatible for Editor in 0.50 ms, found 2 plugins.
Preloading 0 native plugins for Editor in 0.00 ms.
Unloading 3002 Unused Serialized files (Serialized files now loaded: 0)
System memory in use before: 138.1 MB.
System memory in use after: 138.3 MB.

Unloading 21 unused Assets to reduce memory usage. Loaded Objects now: 3440.
Total: 2.906900 ms (FindLiveObjects: 0.310000 ms CreateObjectMapping: 0.132000 ms MarkObjects: 2.380200 ms  DeleteObjects: 0.083600 ms)

AssetImportParameters requested are different than current active one (requested -> active):
  custom:framework-win-MediaFoundation: 216162199b28c13a410421893ffa2e32 -> 
  custom:video-decoder-ogg-theora: a1e56fd34408186e4bbccfd4996cb3dc -> 
  custom:container-muxer-webm: aa71ff27fc2769a1b78a27578f13a17b -> 
  custom:container-demuxer-webm: 4f35f7cbe854078d1ac9338744f61a02 -> 
  custom:container-demuxer-ogg: 62fdf1f143b41e24485cea50d1cbac27 -> 
  custom:video-encoder-webm-vp8: eb34c28f22e8b96e1ab97ce403110664 -> 
  custom:video-codec-MediaFoundation-h265: 746d11721c4dcdbdad8f713fa42b33f4 -> 
  custom:video-decoder-webm-vp8: 9c59270c3fd7afecdb556c50c9e8de78 -> 
  custom:audio-decoder-ogg-vorbis: bf7c407c2cedff20999df2af8eb42d56 -> 
  custom:audio-encoder-webm-vorbis: bf7c407c2cedff20999df2af8eb42d56 -> 
========================================================================
Received Import Request.
  path: Assets/Scenes/RayCast.unity
  artifactKey: Guid(904dc5c4be4e35d499efd2fcb28a6352) Importer(815301076,1909f56bfc062723c751e8b465ee728b)
Start importing Assets/Scenes/RayCast.unity using Guid(904dc5c4be4e35d499efd2fcb28a6352) Importer(815301076,1909f56bfc062723c751e8b465ee728b)  -> (artifact id: '8ab8e90677a5ffb1e84e10beceda22f8') in 0.009900 seconds 
========================================================================
Received Import Request.
  Time since last request: 27.816897 seconds.
  path: Assets/Materials/Piazza/FlagMat.mat
  artifactKey: Guid(2707d7bb62aeb924c9c72e09df21f677) Importer(815301076,1909f56bfc062723c751e8b465ee728b)
Start importing Assets/Materials/Piazza/FlagMat.mat using Guid(2707d7bb62aeb924c9c72e09df21f677) Importer(815301076,1909f56bfc062723c751e8b465ee728b)  -> (artifact id: '6af5a1374e7f60a51cda0004d84f8fb1') in 0.402483 seconds 
========================================================================
Received Import Request.
  Time since last request: 0.000364 seconds.
  path: Assets/Materials/Piazza/PathMat.mat
  artifactKey: Guid(6b32a2dc12f2ce641bc03ed6af2fa2d5) Importer(815301076,1909f56bfc062723c751e8b465ee728b)
Start importing Assets/Materials/Piazza/PathMat.mat using Guid(6b32a2dc12f2ce641bc03ed6af2fa2d5) Importer(815301076,1909f56bfc062723c751e8b465ee728b)  -> (artifact id: '0cefdd91fc43ce0ba9bcb35935f53b0d') in 0.104083 seconds 
========================================================================
Received Import Request.
  Time since last request: 0.000247 seconds.
  path: Assets/Materials/Piazza/StatueMat.mat
  artifactKey: Guid(fdc6146f9bb3a564295fef1651d9fb6a) Importer(815301076,1909f56bfc062723c751e8b465ee728b)
Start importing Assets/Materials/Piazza/StatueMat.mat using Guid(fdc6146f9bb3a564295fef1651d9fb6a) Importer(815301076,1909f56bfc062723c751e8b465ee728b)  -> (artifact id: '0569b37bce5737c50ac0949bdbe6c2bb') in 0.236254 seconds 
========================================================================
Received Import Request.
  Time since last request: 0.000324 seconds.
  path: Assets/Materials/Piazza/FountainMat.mat
  artifactKey: Guid(b39816df02cdbb545a6cc62f2fcc1faa) Importer(815301076,1909f56bfc062723c751e8b465ee728b)
Start importing Assets/Materials/Piazza/FountainMat.mat using Guid(b39816df02cdbb545a6cc62f2fcc1faa) Importer(815301076,1909f56bfc062723c751e8b465ee728b)  -> (artifact id: '8bbfbf948efd6fdc0a9fb1e4a7761ecd') in 0.237950 seconds 
========================================================================
Received Import Request.
  Time since last request: 0.000545 seconds.
  path: Assets/Materials/Piazza/WalkwayMat.mat
  artifactKey: Guid(ff525fc7004972a4280eb1560d5719b4) Importer(815301076,1909f56bfc062723c751e8b465ee728b)
Start importing Assets/Materials/Piazza/WalkwayMat.mat using Guid(ff525fc7004972a4280eb1560d5719b4) Importer(815301076,1909f56bfc062723c751e8b465ee728b)  -> (artifact id: '39b7ccab2db2ffe2d134886b587f56e6') in 0.234129 seconds 
========================================================================
Received Import Request.
  Time since last request: 0.000470 seconds.
  path: Assets/Materials/Piazza/LampostPathEdgingMat.mat
  artifactKey: Guid(1a58ae8da4eb31242a016d6acf2af461) Importer(815301076,1909f56bfc062723c751e8b465ee728b)
Start importing Assets/Materials/Piazza/LampostPathEdgingMat.mat using Guid(1a58ae8da4eb31242a016d6acf2af461) Importer(815301076,1909f56bfc062723c751e8b465ee728b)  -> (artifact id: 'e2595650739053507dafe8b51c7e67a3') in 0.285312 seconds 
========================================================================
Received Import Request.
  Time since last request: 10.606665 seconds.
  path: Assets/Textures
  artifactKey: Guid(ff54d78d2094c3347bca0727bbd1116a) Importer(815301076,1909f56bfc062723c751e8b465ee728b)
Start importing Assets/Textures using Guid(ff54d78d2094c3347bca0727bbd1116a) Importer(815301076,1909f56bfc062723c751e8b465ee728b)  -> (artifact id: '2b44230805ab7d0b28535e31ebc00046') in 0.011941 seconds 
========================================================================
Received Import Request.
  Time since last request: 0.056325 seconds.
  path: Assets/Textures/TexturesCom_Pavement_CastleFloor_512_albedo.tif
  artifactKey: Guid(ae392ca1422700c4cb3342ac57b2cad5) Importer(815301076,1909f56bfc062723c751e8b465ee728b)
Start importing Assets/Textures/TexturesCom_Pavement_CastleFloor_512_albedo.tif using Guid(ae392ca1422700c4cb3342ac57b2cad5) Importer(815301076,1909f56bfc062723c751e8b465ee728b)  -> (artifact id: 'e0dabbabb58ae902cbc42a75f513b5ca') in 0.068417 seconds 
========================================================================
Received Import Request.
  Time since last request: 0.000208 seconds.
  path: Assets/Textures/TexturesCom_Pavement_CastleFloor_512_ao.tif
  artifactKey: Guid(13c0088b13d567849a6efba195cc19f8) Importer(815301076,1909f56bfc062723c751e8b465ee728b)
Start importing Assets/Textures/TexturesCom_Pavement_CastleFloor_512_ao.tif using Guid(13c0088b13d567849a6efba195cc19f8) Importer(815301076,1909f56bfc062723c751e8b465ee728b)  -> (artifact id: '02ab699a7e851c8aab3fe6e63bcfb56a') in 0.029064 seconds 
========================================================================
Received Import Request.
  Time since last request: 0.000228 seconds.
  path: Assets/Textures/TexturesCom_Pavement_CastleFloor_512_height.tif
  artifactKey: Guid(986239dfd83a0a34e9deea85c848d0a9) Importer(815301076,1909f56bfc062723c751e8b465ee728b)
Start importing Assets/Textures/TexturesCom_Pavement_CastleFloor_512_height.tif using Guid(986239dfd83a0a34e9deea85c848d0a9) Importer(815301076,1909f56bfc062723c751e8b465ee728b)  -> (artifact id: '3062118c98b8dd072a82f85b9168a385') in 0.026840 seconds 
========================================================================
Received Import Request.
  Time since last request: 0.000258 seconds.
  path: Assets/Textures/TexturesCom_Pavement_CastleFloor_512_roughness.tif
  artifactKey: Guid(60ac5e8a0f8d4ae42ae5ce8e0d54011a) Importer(815301076,1909f56bfc062723c751e8b465ee728b)
Start importing Assets/Textures/TexturesCom_Pavement_CastleFloor_512_roughness.tif using Guid(60ac5e8a0f8d4ae42ae5ce8e0d54011a) Importer(815301076,1909f56bfc062723c751e8b465ee728b)  -> (artifact id: '1e4b6585770bb54166eec701dd66574e') in 0.026597 seconds 
========================================================================
Received Import Request.
  Time since last request: 0.000378 seconds.
  path: Assets/Textures/TexturesCom_Pavement_CastleFloor_512_normal.tif
  artifactKey: Guid(6d95655f18b53d741a63625f04e0e2e8) Importer(815301076,1909f56bfc062723c751e8b465ee728b)
Start importing Assets/Textures/TexturesCom_Pavement_CastleFloor_512_normal.tif using Guid(6d95655f18b53d741a63625f04e0e2e8) Importer(815301076,1909f56bfc062723c751e8b465ee728b)  -> (artifact id: 'a91dd13fe1fb1b7f75b74ad461525e75') in 0.029512 seconds 
========================================================================
Received Import Request.
  Time since last request: 87.668956 seconds.
  path: Assets/script/FingerRaycast.cs
  artifactKey: Guid(34f6adc56e870d14189d8797bd7e58eb) Importer(815301076,1909f56bfc062723c751e8b465ee728b)
Start importing Assets/script/FingerRaycast.cs using Guid(34f6adc56e870d14189d8797bd7e58eb) Importer(815301076,1909f56bfc062723c751e8b465ee728b)  -> (artifact id: '06cc09ff3ca060f316f72deeb70c8d52') in 0.130682 seconds 
========================================================================
Received Prepare
Registering precompiled user dll's ...
Registered in 0.006230 seconds.
Begin MonoManager ReloadAssembly
Native extension for WindowsStandalone target not found
Refreshing native plugins compatible for Editor in 0.76 ms, found 2 plugins.
Preloading 0 native plugins for Editor in 0.00 ms.
Mono: successfully reloaded assembly
- Completed reload, in  1.502 seconds
Domain Reload Profiling:
	ReloadAssembly (1502ms)
		BeginReloadAssembly (243ms)
			ExecutionOrderSort (0ms)
			DisableScriptedObjects (6ms)
			BackupInstance (0ms)
			ReleaseScriptingObjects (0ms)
			CreateAndSetChildDomain (68ms)
		EndReloadAssembly (1185ms)
			LoadAssemblies (174ms)
			RebuildTransferFunctionScriptingTraits (0ms)
			SetupTypeCache (413ms)
			ReleaseScriptCaches (1ms)
			RebuildScriptCaches (42ms)
			SetupLoadedEditorAssemblies (423ms)
				LogAssemblyErrors (0ms)
				InitializePlatformSupportModulesInManaged (4ms)
				SetLoadedEditorAssemblies (1ms)
				RefreshPlugins (1ms)
				BeforeProcessingInitializeOnLoad (108ms)
				ProcessInitializeOnLoadAttributes (292ms)
				ProcessInitializeOnLoadMethodAttributes (13ms)
				AfterProcessingInitializeOnLoad (4ms)
				EditorAssembliesLoaded (0ms)
			ExecutionOrderSort2 (0ms)
			AwakeInstancesAfterBackupRestoration (22ms)
Platform modules already initialized, skipping
Switching build target platform(19) subTarget(0) extendedPlatform(0) -> platform(9) subTarget(16777218) extendedPlatform(0)
Refreshing native plugins compatible for Editor in 0.99 ms, found 2 plugins.
Preloading 0 native plugins for Editor in 0.00 ms.
Unloading 2897 Unused Serialized files (Serialized files now loaded: 0)
System memory in use before: 136.4 MB.
System memory in use after: 136.6 MB.

Unloading 14 unused Assets to reduce memory usage. Loaded Objects now: 3526.
Total: 9.297100 ms (FindLiveObjects: 0.413300 ms CreateObjectMapping: 0.199300 ms MarkObjects: 8.519700 ms  DeleteObjects: 0.162900 ms)

AssetImportParameters requested are different than current active one (requested -> active):
  custom:framework-win-MediaFoundation: 216162199b28c13a410421893ffa2e32 -> 
  custom:video-decoder-ogg-theora: a1e56fd34408186e4bbccfd4996cb3dc -> 
  custom:container-muxer-webm: aa71ff27fc2769a1b78a27578f13a17b -> 
  custom:container-demuxer-webm: 4f35f7cbe854078d1ac9338744f61a02 -> 
  custom:container-demuxer-ogg: 62fdf1f143b41e24485cea50d1cbac27 -> 
  custom:video-encoder-webm-vp8: eb34c28f22e8b96e1ab97ce403110664 -> 
  custom:video-codec-MediaFoundation-h265: 746d11721c4dcdbdad8f713fa42b33f4 -> 
  custom:video-decoder-webm-vp8: 9c59270c3fd7afecdb556c50c9e8de78 -> 
  custom:graphics/normal-map-encoding: 01000000000000000000000000000000 -> 02000000000000000000000000000000
  custom:audio-decoder-ogg-vorbis: bf7c407c2cedff20999df2af8eb42d56 -> 
  custom:audio-encoder-webm-vorbis: bf7c407c2cedff20999df2af8eb42d56 -> 
========================================================================
Received Import Request.
  Time since last request: 62.802210 seconds.
  path: Assets/script/FingerRaycast.cs
  artifactKey: Guid(34f6adc56e870d14189d8797bd7e58eb) Importer(815301076,1909f56bfc062723c751e8b465ee728b)
Start importing Assets/script/FingerRaycast.cs using Guid(34f6adc56e870d14189d8797bd7e58eb) Importer(815301076,1909f56bfc062723c751e8b465ee728b)  -> (artifact id: '00000000000000000000000000000000') in 0.005482 seconds  code(4) message(Build asset version error: assets/script/fingerraycast.cs in SourceAssetDB has modification time of '2024-01-18T02:20:55.9789062Z' while content on disk has modification time of '2024-01-18T02:20:56.1851934Z')
  ERROR: Build asset version error: assets/script/fingerraycast.cs in SourceAssetDB has modification time of '2024-01-18T02:20:55.9789062Z' while content on disk has modification time of '2024-01-18T02:20:56.1851934Z'
========================================================================
Received Prepare
Registering precompiled user dll's ...
Registered in 0.007706 seconds.
Begin MonoManager ReloadAssembly
Native extension for WindowsStandalone target not found
Refreshing native plugins compatible for Editor in 1.01 ms, found 2 plugins.
Preloading 0 native plugins for Editor in 0.00 ms.
Mono: successfully reloaded assembly
- Completed reload, in  2.289 seconds
Domain Reload Profiling:
	ReloadAssembly (2290ms)
		BeginReloadAssembly (234ms)
			ExecutionOrderSort (0ms)
			DisableScriptedObjects (7ms)
			BackupInstance (0ms)
			ReleaseScriptingObjects (0ms)
			CreateAndSetChildDomain (72ms)
		EndReloadAssembly (1953ms)
			LoadAssemblies (244ms)
			RebuildTransferFunctionScriptingTraits (0ms)
			SetupTypeCache (678ms)
			ReleaseScriptCaches (2ms)
			RebuildScriptCaches (59ms)
			SetupLoadedEditorAssemblies (657ms)
				LogAssemblyErrors (0ms)
				InitializePlatformSupportModulesInManaged (7ms)
				SetLoadedEditorAssemblies (2ms)
				RefreshPlugins (1ms)
				BeforeProcessingInitializeOnLoad (176ms)
				ProcessInitializeOnLoadAttributes (439ms)
				ProcessInitializeOnLoadMethodAttributes (18ms)
				AfterProcessingInitializeOnLoad (13ms)
				EditorAssembliesLoaded (1ms)
			ExecutionOrderSort2 (0ms)
			AwakeInstancesAfterBackupRestoration (50ms)
Platform modules already initialized, skipping
Switching build target platform(19) subTarget(0) extendedPlatform(0) -> platform(9) subTarget(16777218) extendedPlatform(0)
Refreshing native plugins compatible for Editor in 0.96 ms, found 2 plugins.
Preloading 0 native plugins for Editor in 0.00 ms.
Unloading 2897 Unused Serialized files (Serialized files now loaded: 0)
System memory in use before: 136.5 MB.
System memory in use after: 136.7 MB.

Unloading 14 unused Assets to reduce memory usage. Loaded Objects now: 3529.
Total: 5.460500 ms (FindLiveObjects: 0.426900 ms CreateObjectMapping: 0.205900 ms MarkObjects: 4.666000 ms  DeleteObjects: 0.159700 ms)

AssetImportParameters requested are different than current active one (requested -> active):
  custom:framework-win-MediaFoundation: 216162199b28c13a410421893ffa2e32 -> 
  custom:video-decoder-ogg-theora: a1e56fd34408186e4bbccfd4996cb3dc -> 
  custom:container-muxer-webm: aa71ff27fc2769a1b78a27578f13a17b -> 
  custom:container-demuxer-webm: 4f35f7cbe854078d1ac9338744f61a02 -> 
  custom:container-demuxer-ogg: 62fdf1f143b41e24485cea50d1cbac27 -> 
  custom:video-encoder-webm-vp8: eb34c28f22e8b96e1ab97ce403110664 -> 
  custom:video-codec-MediaFoundation-h265: 746d11721c4dcdbdad8f713fa42b33f4 -> 
  custom:video-decoder-webm-vp8: 9c59270c3fd7afecdb556c50c9e8de78 -> 
  custom:graphics/normal-map-encoding: 01000000000000000000000000000000 -> 02000000000000000000000000000000
  custom:audio-decoder-ogg-vorbis: bf7c407c2cedff20999df2af8eb42d56 -> 
  custom:audio-encoder-webm-vorbis: bf7c407c2cedff20999df2af8eb42d56 -> 
========================================================================
Received Import Request.
  Time since last request: 9.734138 seconds.
  path: Assets/script/FingerRaycast.cs
  artifactKey: Guid(34f6adc56e870d14189d8797bd7e58eb) Importer(815301076,1909f56bfc062723c751e8b465ee728b)
Start importing Assets/script/FingerRaycast.cs using Guid(34f6adc56e870d14189d8797bd7e58eb) Importer(815301076,1909f56bfc062723c751e8b465ee728b)  -> (artifact id: 'edae73d2fccbb0f0b70df23b15e5044a') in 0.015763 seconds 
